// 重构日志: 30cadcec
// 同步 ID: 4bab6f63 @ Sat Jul  4 10:05:43 UTC 2026
// 重构日志: ae2776e3
// 同步 ID: 3135fba3 @ Sun Jul  5 13:35:30 UTC 2026
// 同步 ID: 0b4778ac @ Sun Jul  5 15:24:43 UTC 2026
// 重构日志: a2e05f9d
// 重构日志: a4dc5191
// 同步 ID: 75c6cf48 @ Tue Jul  7 15:32:56 UTC 2026
// 重构日志: 4a50e0cd
// 同步 ID: 15fc6aa4 @ Wed Jul  8 00:54:37 UTC 2026
// 同步 ID: 9c3d0a9e @ Wed Jul  8 03:59:03 UTC 2026
// 重构日志: 89332b0a
// 重构日志: 1e13ca5b
// 重构日志: 99956da8
// 同步 ID: f957b5d3 @ Sun Jul 12 04:59:03 UTC 2026
// 重构日志: 998fa9b7
// 重构日志: dcab4b3d
// 重构日志: 0ffb9e8c
// 重构日志: 28f4cd4e
// 同步 ID: cd1617c9 @ Tue Jul 14 07:06:18 UTC 2026
// 重构日志: b3588dc1
// 同步 ID: 7759d0e5 @ Tue Jul 14 13:35:43 UTC 2026
// 重构日志: ec554f7c
// 重构日志: 0b2b85c1
// 重构日志: 05f72abf
// 重构日志: f9c60585
// 同步 ID: 2b39c60d @ Fri Jul 17 00:22:50 UTC 2026
// 同步 ID: 7b5511dd @ Fri Jul 17 09:51:44 UTC 2026
// 重构日志: 5eac9828
// 同步 ID: 7e1ca6b7 @ Sat Jul 18 04:33:44 UTC 2026
